<?xml version="1.0" encoding="UTF-8"?>
<!-- Generated by org.testng.reporters.JUnitReportReporter -->
<testsuite hostname="Sasidhars-Air" failures="0" tests="5" name="com.wbqa.testcases.LoginPageTest" time="60.675" errors="0" timestamp="2022-07-25T10:35:36 PDT" skipped="0">
  <testcase classname="com.wbqa.testcases.LoginPageTest" name="loginTest" time="11.629"/>
  <system-out/>
  <testcase classname="com.wbqa.testcases.LoginPageTest" name="loginTest" time="11.505"/>
  <system-out/>
  <testcase classname="com.wbqa.testcases.LoginPageTest" name="loginTest" time="12.205"/>
  <system-out/>
  <testcase classname="com.wbqa.testcases.LoginPageTest" name="loginTest" time="12.639"/>
  <system-out/>
  <testcase classname="com.wbqa.testcases.LoginPageTest" name="loginTest" time="12.697"/>
  <system-out/>
</testsuite> <!-- com.wbqa.testcases.LoginPageTest -->
