<?xml version="1.0" encoding="UTF-8"?>
<!-- Generated by org.testng.reporters.JUnitReportReporter -->
<testsuite hostname="Sasidhars-Air" failures="0" tests="2" name="com.wbqa.testcases.LandingPageTest" time="23.347" errors="0" timestamp="2022-07-25T10:35:36 PDT" skipped="0">
  <testcase classname="com.wbqa.testcases.LandingPageTest" name="verifyHomeBtn" time="12.155"/>
  <system-out/>
  <testcase classname="com.wbqa.testcases.LandingPageTest" name="verifySchBtn" time="11.192"/>
  <system-out/>
</testsuite> <!-- com.wbqa.testcases.LandingPageTest -->
