<?xml version="1.0" encoding="UTF-8"?>
<!-- Generated by org.testng.reporters.JUnitReportReporter -->
<testsuite hostname="Sasidhars-Air" failures="0" tests="4" name="com.wbqa.testcases.HomePageTest" time="44.500" errors="0" timestamp="2022-07-25T10:35:36 PDT" skipped="0">
  <testcase classname="com.wbqa.testcases.HomePageTest" name="TestTitle" time="13.560"/>
  <system-out/>
  <testcase classname="com.wbqa.testcases.HomePageTest" name="verifyfreestudentTest" time="10.120"/>
  <system-out/>
  <testcase classname="com.wbqa.testcases.HomePageTest" name="verifywbllogoTest" time="10.061"/>
  <system-out/>
  <testcase classname="com.wbqa.testcases.HomePageTest" name="verifyloginTest" time="10.759"/>
  <system-out/>
</testsuite> <!-- com.wbqa.testcases.HomePageTest -->
